<?xml version="1.0" encoding="UTF-8"?>
<!-- Generated by org.testng.reporters.JUnitReportReporter -->
<testsuite hostname="LAPTOP-1MC4TUG8" name="com.java.practice.selenium.testcases.TestNgExample2" tests="2" failures="0" timestamp="13 Sep 2016 04:45:14 GMT" time="0.004" errors="0">
  <testcase name="method4" time="0.002" classname="com.java.practice.selenium.testcases.TestNgExample2"/>
  <testcase name="method3" time="0.002" classname="com.java.practice.selenium.testcases.TestNgExample2"/>
</testsuite> <!-- com.java.practice.selenium.testcases.TestNgExample2 -->
