<?xml version="1.0" encoding="UTF-8"?>
<!-- Generated by org.testng.reporters.JUnitReportReporter -->
<testsuite hostname="LAPTOP-1MC4TUG8" name="com.java.practice.selenium.examples.DPtest" tests="4" failures="0" timestamp="15 Sep 2016 17:01:54 GMT" time="0.028" errors="0">
  <testcase name="dataDetails" time="0.015" classname="com.java.practice.selenium.examples.DPtest"/>
  <testcase name="dataDetails1" time="0.004" classname="com.java.practice.selenium.examples.DPtest"/>
  <testcase name="dataDetails1" time="0.004" classname="com.java.practice.selenium.examples.DPtest"/>
  <testcase name="dataDetails" time="0.005" classname="com.java.practice.selenium.examples.DPtest"/>
</testsuite> <!-- com.java.practice.selenium.examples.DPtest -->
