<?xml version="1.0" encoding="UTF-8"?>
<!-- Generated by org.testng.reporters.JUnitReportReporter -->
<testsuite hostname="LAPTOP-1MC4TUG8" name="com.java.practice.selenium.testcases.TestNgExample" tests="2" failures="0" timestamp="21 Sep 2016 19:27:46 GMT" time="0.013" errors="0">
  <testcase name="method1" time="0.006" classname="com.java.practice.selenium.testcases.TestNgExample"/>
  <testcase name="method2" time="0.007" classname="com.java.practice.selenium.testcases.TestNgExample"/>
</testsuite> <!-- com.java.practice.selenium.testcases.TestNgExample -->
