<?xml version="1.0" encoding="UTF-8"?>
<!-- Generated by org.testng.reporters.JUnitReportReporter -->
<testsuite hostname="LAPTOP-1MC4TUG8" name="com.java.practice.selenium.testcases.TestNgParameterExample" tests="1" failures="0" timestamp="13 Sep 2016 19:21:10 GMT" time="0.018" errors="0">
  <testcase name="add" time="0.018" classname="com.java.practice.selenium.testcases.TestNgParameterExample"/>
</testsuite> <!-- com.java.practice.selenium.testcases.TestNgParameterExample -->
